  main.cpp
D:\BaiDoXe_DHMT\OpenGL\main.cpp(133,13): warning C4244: 'initializing': conversion from 'double' to 'float', possible loss of data
D:\BaiDoXe_DHMT\OpenGL\main.cpp(160,47): warning C4305: 'initializing': truncation from 'double' to 'float'
D:\BaiDoXe_DHMT\OpenGL\main.cpp(348,27): warning C4244: 'argument': conversion from 'int' to 'float', possible loss of data
D:\BaiDoXe_DHMT\OpenGL\main.cpp(348,43): warning C4244: 'argument': conversion from 'int' to 'float', possible loss of data
D:\BaiDoXe_DHMT\OpenGL\main.cpp(348,59): warning C4244: 'argument': conversion from 'int' to 'float', possible loss of data
D:\BaiDoXe_DHMT\OpenGL\main.cpp(352,27): warning C4244: 'argument': conversion from 'int' to 'float', possible loss of data
D:\BaiDoXe_DHMT\OpenGL\main.cpp(352,43): warning C4244: 'argument': conversion from 'int' to 'float', possible loss of data
D:\BaiDoXe_DHMT\OpenGL\main.cpp(352,59): warning C4244: 'argument': conversion from 'int' to 'float', possible loss of data
D:\BaiDoXe_DHMT\OpenGL\main.cpp(352,75): warning C4244: 'argument': conversion from 'int' to 'float', possible loss of data
D:\BaiDoXe_DHMT\OpenGL\main.cpp(356,23): warning C4244: 'return': conversion from 'double' to 'float', possible loss of data
D:\BaiDoXe_DHMT\OpenGL\main.cpp(442,56): warning C4305: 'argument': truncation from 'double' to 'GLclampf'
D:\BaiDoXe_DHMT\OpenGL\main.cpp(476,36): warning C4305: 'argument': truncation from 'double' to 'const GLfloat'
D:\BaiDoXe_DHMT\OpenGL\main.cpp(476,55): warning C4305: 'argument': truncation from 'double' to 'const GLfloat'
D:\BaiDoXe_DHMT\OpenGL\main.cpp(480,35): warning C4305: 'argument': truncation from 'double' to 'const GLfloat'
D:\BaiDoXe_DHMT\OpenGL\main.cpp(480,54): warning C4305: 'argument': truncation from 'double' to 'const GLfloat'
D:\BaiDoXe_DHMT\OpenGL\main.cpp(488,35): warning C4305: 'argument': truncation from 'double' to 'const GLfloat'
D:\BaiDoXe_DHMT\OpenGL\main.cpp(499,31): warning C4305: 'argument': truncation from 'double' to 'const GLfloat'
D:\BaiDoXe_DHMT\OpenGL\main.cpp(507,36): warning C4305: 'argument': truncation from 'double' to 'const GLfloat'
D:\BaiDoXe_DHMT\OpenGL\main.cpp(519,35): warning C4305: 'argument': truncation from 'double' to 'const GLfloat'
D:\BaiDoXe_DHMT\OpenGL\main.cpp(519,56): warning C4305: 'argument': truncation from 'double' to 'const GLfloat'
D:\BaiDoXe_DHMT\OpenGL\main.cpp(523,36): warning C4305: 'argument': truncation from 'double' to 'const GLfloat'
D:\BaiDoXe_DHMT\OpenGL\main.cpp(523,57): warning C4305: 'argument': truncation from 'double' to 'const GLfloat'
D:\BaiDoXe_DHMT\OpenGL\main.cpp(527,39): warning C4305: 'argument': truncation from 'double' to 'const GLfloat'
D:\BaiDoXe_DHMT\OpenGL\main.cpp(527,60): warning C4305: 'argument': truncation from 'double' to 'const GLfloat'
D:\BaiDoXe_DHMT\OpenGL\main.cpp(531,40): warning C4305: 'argument': truncation from 'double' to 'const GLfloat'
D:\BaiDoXe_DHMT\OpenGL\main.cpp(531,61): warning C4305: 'argument': truncation from 'double' to 'const GLfloat'
D:\BaiDoXe_DHMT\OpenGL\main.cpp(535,39): warning C4305: 'argument': truncation from 'double' to 'const GLfloat'
D:\BaiDoXe_DHMT\OpenGL\main.cpp(535,60): warning C4305: 'argument': truncation from 'double' to 'const GLfloat'
D:\BaiDoXe_DHMT\OpenGL\main.cpp(539,42): warning C4305: 'argument': truncation from 'double' to 'const GLfloat'
D:\BaiDoXe_DHMT\OpenGL\main.cpp(539,80): warning C4305: 'argument': truncation from 'double' to 'const GLfloat'
D:\BaiDoXe_DHMT\OpenGL\main.cpp(543,41): warning C4305: 'argument': truncation from 'double' to 'const GLfloat'
D:\BaiDoXe_DHMT\OpenGL\main.cpp(543,79): warning C4305: 'argument': truncation from 'double' to 'const GLfloat'
D:\BaiDoXe_DHMT\OpenGL\main.cpp(547,40): warning C4305: 'argument': truncation from 'double' to 'const GLfloat'
D:\BaiDoXe_DHMT\OpenGL\main.cpp(547,75): warning C4305: 'argument': truncation from 'double' to 'const GLfloat'
D:\BaiDoXe_DHMT\OpenGL\main.cpp(551,39): warning C4305: 'argument': truncation from 'double' to 'const GLfloat'
D:\BaiDoXe_DHMT\OpenGL\main.cpp(551,74): warning C4305: 'argument': truncation from 'double' to 'const GLfloat'
D:\BaiDoXe_DHMT\OpenGL\main.cpp(560,39): warning C4305: 'argument': truncation from 'double' to 'const GLfloat'
D:\BaiDoXe_DHMT\OpenGL\main.cpp(560,63): warning C4305: 'argument': truncation from 'double' to 'const GLfloat'
D:\BaiDoXe_DHMT\OpenGL\main.cpp(564,39): warning C4305: 'argument': truncation from 'double' to 'const GLfloat'
D:\BaiDoXe_DHMT\OpenGL\main.cpp(564,77): warning C4305: 'argument': truncation from 'double' to 'const GLfloat'
D:\BaiDoXe_DHMT\OpenGL\main.cpp(573,40): warning C4305: 'argument': truncation from 'double' to 'const GLfloat'
D:\BaiDoXe_DHMT\OpenGL\main.cpp(573,61): warning C4305: 'argument': truncation from 'double' to 'const GLfloat'
D:\BaiDoXe_DHMT\OpenGL\main.cpp(575,42): warning C4305: 'argument': truncation from 'double' to 'const GLfloat'
D:\BaiDoXe_DHMT\OpenGL\main.cpp(575,63): warning C4305: 'argument': truncation from 'double' to 'const GLfloat'
D:\BaiDoXe_DHMT\OpenGL\main.cpp(578,41): warning C4305: 'argument': truncation from 'double' to 'const GLfloat'
D:\BaiDoXe_DHMT\OpenGL\main.cpp(578,62): warning C4305: 'argument': truncation from 'double' to 'const GLfloat'
D:\BaiDoXe_DHMT\OpenGL\main.cpp(580,43): warning C4305: 'argument': truncation from 'double' to 'const GLfloat'
D:\BaiDoXe_DHMT\OpenGL\main.cpp(580,64): warning C4305: 'argument': truncation from 'double' to 'const GLfloat'
D:\BaiDoXe_DHMT\OpenGL\main.cpp(584,40): warning C4305: 'argument': truncation from 'double' to 'const GLfloat'
D:\BaiDoXe_DHMT\OpenGL\main.cpp(584,61): warning C4305: 'argument': truncation from 'double' to 'const GLfloat'
D:\BaiDoXe_DHMT\OpenGL\main.cpp(586,42): warning C4305: 'argument': truncation from 'double' to 'const GLfloat'
D:\BaiDoXe_DHMT\OpenGL\main.cpp(586,63): warning C4305: 'argument': truncation from 'double' to 'const GLfloat'
D:\BaiDoXe_DHMT\OpenGL\main.cpp(589,41): warning C4305: 'argument': truncation from 'double' to 'const GLfloat'
D:\BaiDoXe_DHMT\OpenGL\main.cpp(589,62): warning C4305: 'argument': truncation from 'double' to 'const GLfloat'
D:\BaiDoXe_DHMT\OpenGL\main.cpp(591,43): warning C4305: 'argument': truncation from 'double' to 'const GLfloat'
D:\BaiDoXe_DHMT\OpenGL\main.cpp(591,64): warning C4305: 'argument': truncation from 'double' to 'const GLfloat'
D:\BaiDoXe_DHMT\OpenGL\main.cpp(604,38): warning C4305: 'argument': truncation from 'double' to 'const GLfloat'
D:\BaiDoXe_DHMT\OpenGL\main.cpp(604,60): warning C4305: 'argument': truncation from 'double' to 'const GLfloat'
D:\BaiDoXe_DHMT\OpenGL\main.cpp(613,40): warning C4305: 'argument': truncation from 'double' to 'const GLfloat'
D:\BaiDoXe_DHMT\OpenGL\main.cpp(613,63): warning C4305: 'argument': truncation from 'double' to 'const GLfloat'
D:\BaiDoXe_DHMT\OpenGL\main.cpp(625,38): warning C4305: 'argument': truncation from 'double' to 'const GLfloat'
D:\BaiDoXe_DHMT\OpenGL\main.cpp(625,60): warning C4305: 'argument': truncation from 'double' to 'const GLfloat'
D:\BaiDoXe_DHMT\OpenGL\main.cpp(634,39): warning C4305: 'argument': truncation from 'double' to 'const GLfloat'
D:\BaiDoXe_DHMT\OpenGL\main.cpp(634,62): warning C4305: 'argument': truncation from 'double' to 'const GLfloat'
D:\BaiDoXe_DHMT\OpenGL\main.cpp(648,60): warning C4305: 'argument': truncation from 'double' to 'const GLfloat'
D:\BaiDoXe_DHMT\OpenGL\main.cpp(650,59): warning C4305: 'argument': truncation from 'double' to 'const GLfloat'
D:\BaiDoXe_DHMT\OpenGL\main.cpp(652,61): warning C4305: 'argument': truncation from 'double' to 'const GLfloat'
D:\BaiDoXe_DHMT\OpenGL\main.cpp(654,60): warning C4305: 'argument': truncation from 'double' to 'const GLfloat'
D:\BaiDoXe_DHMT\OpenGL\main.cpp(656,62): warning C4305: 'argument': truncation from 'double' to 'const GLfloat'
D:\BaiDoXe_DHMT\OpenGL\main.cpp(658,61): warning C4305: 'argument': truncation from 'double' to 'const GLfloat'
D:\BaiDoXe_DHMT\OpenGL\main.cpp(679,19): warning C4305: 'initializing': truncation from 'double' to 'float'
D:\BaiDoXe_DHMT\OpenGL\main.cpp(704,55): warning C4305: 'argument': truncation from 'double' to 'const GLfloat'
D:\BaiDoXe_DHMT\OpenGL\main.cpp(749,36): warning C4305: 'argument': truncation from 'double' to 'const GLfloat'
D:\BaiDoXe_DHMT\OpenGL\main.cpp(749,55): warning C4305: 'argument': truncation from 'double' to 'const GLfloat'
D:\BaiDoXe_DHMT\OpenGL\main.cpp(753,35): warning C4305: 'argument': truncation from 'double' to 'const GLfloat'
D:\BaiDoXe_DHMT\OpenGL\main.cpp(753,54): warning C4305: 'argument': truncation from 'double' to 'const GLfloat'
D:\BaiDoXe_DHMT\OpenGL\main.cpp(761,35): warning C4305: 'argument': truncation from 'double' to 'const GLfloat'
D:\BaiDoXe_DHMT\OpenGL\main.cpp(772,31): warning C4305: 'argument': truncation from 'double' to 'const GLfloat'
D:\BaiDoXe_DHMT\OpenGL\main.cpp(780,36): warning C4305: 'argument': truncation from 'double' to 'const GLfloat'
D:\BaiDoXe_DHMT\OpenGL\main.cpp(792,40): warning C4305: 'argument': truncation from 'double' to 'const GLfloat'
D:\BaiDoXe_DHMT\OpenGL\main.cpp(792,61): warning C4305: 'argument': truncation from 'double' to 'const GLfloat'
D:\BaiDoXe_DHMT\OpenGL\main.cpp(796,52): warning C4305: 'argument': truncation from 'double' to 'const GLfloat'
D:\BaiDoXe_DHMT\OpenGL\main.cpp(800,39): warning C4305: 'argument': truncation from 'double' to 'const GLfloat'
D:\BaiDoXe_DHMT\OpenGL\main.cpp(800,60): warning C4305: 'argument': truncation from 'double' to 'const GLfloat'
D:\BaiDoXe_DHMT\OpenGL\main.cpp(804,39): warning C4305: 'argument': truncation from 'double' to 'const GLfloat'
D:\BaiDoXe_DHMT\OpenGL\main.cpp(804,60): warning C4305: 'argument': truncation from 'double' to 'const GLfloat'
D:\BaiDoXe_DHMT\OpenGL\main.cpp(808,42): warning C4305: 'argument': truncation from 'double' to 'const GLfloat'
D:\BaiDoXe_DHMT\OpenGL\main.cpp(808,80): warning C4305: 'argument': truncation from 'double' to 'const GLfloat'
D:\BaiDoXe_DHMT\OpenGL\main.cpp(812,41): warning C4305: 'argument': truncation from 'double' to 'const GLfloat'
D:\BaiDoXe_DHMT\OpenGL\main.cpp(812,79): warning C4305: 'argument': truncation from 'double' to 'const GLfloat'
D:\BaiDoXe_DHMT\OpenGL\main.cpp(821,42): warning C4305: 'argument': truncation from 'double' to 'const GLfloat'
D:\BaiDoXe_DHMT\OpenGL\main.cpp(821,63): warning C4305: 'argument': truncation from 'double' to 'const GLfloat'
D:\BaiDoXe_DHMT\OpenGL\main.cpp(825,38): warning C4305: 'argument': truncation from 'double' to 'const GLfloat'
D:\BaiDoXe_DHMT\OpenGL\main.cpp(825,59): warning C4305: 'argument': truncation from 'double' to 'const GLfloat'
D:\BaiDoXe_DHMT\OpenGL\main.cpp(829,41): warning C4305: 'argument': truncation from 'double' to 'const GLfloat'
D:\BaiDoXe_DHMT\OpenGL\main.cpp(829,62): warning C4305: 'argument': truncation from 'double' to 'const GLfloat'
D:\BaiDoXe_DHMT\OpenGL\main.cpp(833,41): warning C4305: 'argument': truncation from 'double' to 'const GLfloat'
D:\BaiDoXe_DHMT\OpenGL\main.cpp(833,62): warning C4305: 'argument': truncation from 'double' to 'const GLfloat'
D:\BaiDoXe_DHMT\OpenGL\main.cpp(837,39): warning C4305: 'argument': truncation from 'double' to 'const GLfloat'
D:\BaiDoXe_DHMT\OpenGL\main.cpp(837,58): warning C4305: 'argument': truncation from 'double' to 'const GLfloat'
D:\BaiDoXe_DHMT\OpenGL\main.cpp(848,54): warning C4305: 'argument': truncation from 'double' to 'const GLfloat'
D:\BaiDoXe_DHMT\OpenGL\main.cpp(848,40): warning C4244: 'argument': conversion from 'double' to 'const GLfloat', possible loss of data
D:\BaiDoXe_DHMT\OpenGL\main.cpp(848,78): warning C4305: 'argument': truncation from 'double' to 'const GLfloat'
D:\BaiDoXe_DHMT\OpenGL\main.cpp(853,40): warning C4305: 'argument': truncation from 'double' to 'const GLfloat'
D:\BaiDoXe_DHMT\OpenGL\main.cpp(853,78): warning C4305: 'argument': truncation from 'double' to 'const GLfloat'
D:\BaiDoXe_DHMT\OpenGL\main.cpp(857,65): warning C4244: 'argument': conversion from 'float' to 'int', possible loss of data
D:\BaiDoXe_DHMT\OpenGL\main.cpp(857,50): warning C4244: 'argument': conversion from 'float' to 'int', possible loss of data
D:\BaiDoXe_DHMT\OpenGL\main.cpp(857,35): warning C4244: 'argument': conversion from 'float' to 'int', possible loss of data
D:\BaiDoXe_DHMT\OpenGL\main.cpp(858,77): warning C4244: 'argument': conversion from 'float' to 'int', possible loss of data
D:\BaiDoXe_DHMT\OpenGL\main.cpp(858,57): warning C4244: 'argument': conversion from 'float' to 'int', possible loss of data
D:\BaiDoXe_DHMT\OpenGL\main.cpp(858,37): warning C4244: 'argument': conversion from 'float' to 'int', possible loss of data
D:\BaiDoXe_DHMT\OpenGL\main.cpp(859,78): warning C4244: 'argument': conversion from 'float' to 'int', possible loss of data
D:\BaiDoXe_DHMT\OpenGL\main.cpp(859,58): warning C4244: 'argument': conversion from 'float' to 'int', possible loss of data
D:\BaiDoXe_DHMT\OpenGL\main.cpp(859,38): warning C4244: 'argument': conversion from 'float' to 'int', possible loss of data
D:\BaiDoXe_DHMT\OpenGL\main.cpp(862,73): warning C4305: 'argument': truncation from 'double' to 'const GLfloat'
D:\BaiDoXe_DHMT\OpenGL\main.cpp(865,74): warning C4305: 'argument': truncation from 'double' to 'const GLfloat'
D:\BaiDoXe_DHMT\OpenGL\main.cpp(873,38): warning C4305: 'argument': truncation from 'double' to 'const GLfloat'
D:\BaiDoXe_DHMT\OpenGL\main.cpp(873,61): warning C4305: 'argument': truncation from 'double' to 'const GLfloat'
D:\BaiDoXe_DHMT\OpenGL\main.cpp(875,40): warning C4305: 'argument': truncation from 'double' to 'const GLfloat'
D:\BaiDoXe_DHMT\OpenGL\main.cpp(875,63): warning C4305: 'argument': truncation from 'double' to 'const GLfloat'
D:\BaiDoXe_DHMT\OpenGL\main.cpp(888,56): warning C4305: 'argument': truncation from 'double' to 'const GLfloat'
D:\BaiDoXe_DHMT\OpenGL\main.cpp(892,56): warning C4305: 'argument': truncation from 'double' to 'const GLfloat'
D:\BaiDoXe_DHMT\OpenGL\main.cpp(904,38): warning C4305: 'argument': truncation from 'double' to 'const GLfloat'
D:\BaiDoXe_DHMT\OpenGL\main.cpp(904,60): warning C4305: 'argument': truncation from 'double' to 'const GLfloat'
D:\BaiDoXe_DHMT\OpenGL\main.cpp(913,40): warning C4305: 'argument': truncation from 'double' to 'const GLfloat'
D:\BaiDoXe_DHMT\OpenGL\main.cpp(913,63): warning C4305: 'argument': truncation from 'double' to 'const GLfloat'
D:\BaiDoXe_DHMT\OpenGL\main.cpp(925,38): warning C4305: 'argument': truncation from 'double' to 'const GLfloat'
D:\BaiDoXe_DHMT\OpenGL\main.cpp(925,60): warning C4305: 'argument': truncation from 'double' to 'const GLfloat'
D:\BaiDoXe_DHMT\OpenGL\main.cpp(934,39): warning C4305: 'argument': truncation from 'double' to 'const GLfloat'
D:\BaiDoXe_DHMT\OpenGL\main.cpp(934,62): warning C4305: 'argument': truncation from 'double' to 'const GLfloat'
D:\BaiDoXe_DHMT\OpenGL\main.cpp(946,38): warning C4305: 'argument': truncation from 'double' to 'const GLfloat'
D:\BaiDoXe_DHMT\OpenGL\main.cpp(946,61): warning C4305: 'argument': truncation from 'double' to 'const GLfloat'
D:\BaiDoXe_DHMT\OpenGL\main.cpp(950,39): warning C4305: 'argument': truncation from 'double' to 'const GLfloat'
D:\BaiDoXe_DHMT\OpenGL\main.cpp(950,60): warning C4305: 'argument': truncation from 'double' to 'const GLfloat'
D:\BaiDoXe_DHMT\OpenGL\main.cpp(954,40): warning C4305: 'argument': truncation from 'double' to 'const GLfloat'
D:\BaiDoXe_DHMT\OpenGL\main.cpp(954,61): warning C4305: 'argument': truncation from 'double' to 'const GLfloat'
D:\BaiDoXe_DHMT\OpenGL\main.cpp(958,56): warning C4305: 'argument': truncation from 'double' to 'const GLfloat'
D:\BaiDoXe_DHMT\OpenGL\main.cpp(961,40): warning C4305: 'argument': truncation from 'double' to 'const GLfloat'
D:\BaiDoXe_DHMT\OpenGL\main.cpp(961,63): warning C4305: 'argument': truncation from 'double' to 'const GLfloat'
D:\BaiDoXe_DHMT\OpenGL\main.cpp(964,35): warning C4305: 'argument': truncation from 'double' to 'const GLfloat'
D:\BaiDoXe_DHMT\OpenGL\main.cpp(964,56): warning C4305: 'argument': truncation from 'double' to 'const GLfloat'
D:\BaiDoXe_DHMT\OpenGL\main.cpp(967,41): warning C4305: 'argument': truncation from 'double' to 'const GLfloat'
D:\BaiDoXe_DHMT\OpenGL\main.cpp(967,64): warning C4305: 'argument': truncation from 'double' to 'const GLfloat'
D:\BaiDoXe_DHMT\OpenGL\main.cpp(970,36): warning C4305: 'argument': truncation from 'double' to 'const GLfloat'
D:\BaiDoXe_DHMT\OpenGL\main.cpp(970,57): warning C4305: 'argument': truncation from 'double' to 'const GLfloat'
D:\BaiDoXe_DHMT\OpenGL\main.cpp(975,47): warning C4305: 'argument': truncation from 'double' to 'const GLfloat'
D:\BaiDoXe_DHMT\OpenGL\main.cpp(975,68): warning C4305: 'argument': truncation from 'double' to 'const GLfloat'
D:\BaiDoXe_DHMT\OpenGL\main.cpp(981,48): warning C4305: 'argument': truncation from 'double' to 'const GLfloat'
D:\BaiDoXe_DHMT\OpenGL\main.cpp(981,69): warning C4305: 'argument': truncation from 'double' to 'const GLfloat'
D:\BaiDoXe_DHMT\OpenGL\main.cpp(999,36): warning C4305: 'argument': truncation from 'double' to 'const GLfloat'
D:\BaiDoXe_DHMT\OpenGL\main.cpp(999,59): warning C4305: 'argument': truncation from 'double' to 'const GLfloat'
D:\BaiDoXe_DHMT\OpenGL\main.cpp(1007,37): warning C4305: 'argument': truncation from 'double' to 'const GLfloat'
D:\BaiDoXe_DHMT\OpenGL\main.cpp(1007,77): warning C4305: 'argument': truncation from 'double' to 'const GLfloat'
D:\BaiDoXe_DHMT\OpenGL\main.cpp(1012,47): warning C4244: 'argument': conversion from 'double' to 'const GLfloat', possible loss of data
D:\BaiDoXe_DHMT\OpenGL\main.cpp(1012,55): warning C4305: 'argument': truncation from 'double' to 'const GLfloat'
D:\BaiDoXe_DHMT\OpenGL\main.cpp(1012,78): warning C4305: 'argument': truncation from 'double' to 'const GLfloat'
D:\BaiDoXe_DHMT\OpenGL\main.cpp(1025,56): warning C4305: 'argument': truncation from 'double' to 'const GLfloat'
D:\BaiDoXe_DHMT\OpenGL\main.cpp(1036,64): warning C4305: 'argument': truncation from 'double' to 'const GLfloat'
D:\BaiDoXe_DHMT\OpenGL\main.cpp(1042,61): warning C4305: 'argument': truncation from 'double' to 'const GLfloat'
D:\BaiDoXe_DHMT\OpenGL\main.cpp(1044,60): warning C4305: 'argument': truncation from 'double' to 'const GLfloat'
D:\BaiDoXe_DHMT\OpenGL\main.cpp(1046,60): warning C4305: 'argument': truncation from 'double' to 'const GLfloat'
D:\BaiDoXe_DHMT\OpenGL\main.cpp(1048,59): warning C4305: 'argument': truncation from 'double' to 'const GLfloat'
D:\BaiDoXe_DHMT\OpenGL\main.cpp(1050,56): warning C4305: 'argument': truncation from 'double' to 'const GLfloat'
D:\BaiDoXe_DHMT\OpenGL\main.cpp(1050,87): warning C4244: 'argument': conversion from 'double' to 'const GLfloat', possible loss of data
D:\BaiDoXe_DHMT\OpenGL\main.cpp(1052,57): warning C4305: 'argument': truncation from 'double' to 'const GLfloat'
D:\BaiDoXe_DHMT\OpenGL\main.cpp(1074,36): warning C4305: 'argument': truncation from 'double' to 'const GLfloat'
D:\BaiDoXe_DHMT\OpenGL\main.cpp(1074,55): warning C4305: 'argument': truncation from 'double' to 'const GLfloat'
D:\BaiDoXe_DHMT\OpenGL\main.cpp(1078,35): warning C4305: 'argument': truncation from 'double' to 'const GLfloat'
D:\BaiDoXe_DHMT\OpenGL\main.cpp(1078,54): warning C4305: 'argument': truncation from 'double' to 'const GLfloat'
D:\BaiDoXe_DHMT\OpenGL\main.cpp(1086,35): warning C4305: 'argument': truncation from 'double' to 'const GLfloat'
D:\BaiDoXe_DHMT\OpenGL\main.cpp(1097,31): warning C4305: 'argument': truncation from 'double' to 'const GLfloat'
D:\BaiDoXe_DHMT\OpenGL\main.cpp(1105,36): warning C4305: 'argument': truncation from 'double' to 'const GLfloat'
D:\BaiDoXe_DHMT\OpenGL\main.cpp(1117,40): warning C4305: 'argument': truncation from 'double' to 'const GLfloat'
D:\BaiDoXe_DHMT\OpenGL\main.cpp(1117,61): warning C4305: 'argument': truncation from 'double' to 'const GLfloat'
D:\BaiDoXe_DHMT\OpenGL\main.cpp(1121,52): warning C4305: 'argument': truncation from 'double' to 'const GLfloat'
D:\BaiDoXe_DHMT\OpenGL\main.cpp(1125,39): warning C4305: 'argument': truncation from 'double' to 'const GLfloat'
D:\BaiDoXe_DHMT\OpenGL\main.cpp(1125,60): warning C4305: 'argument': truncation from 'double' to 'const GLfloat'
D:\BaiDoXe_DHMT\OpenGL\main.cpp(1129,39): warning C4305: 'argument': truncation from 'double' to 'const GLfloat'
D:\BaiDoXe_DHMT\OpenGL\main.cpp(1129,60): warning C4305: 'argument': truncation from 'double' to 'const GLfloat'
D:\BaiDoXe_DHMT\OpenGL\main.cpp(1133,42): warning C4305: 'argument': truncation from 'double' to 'const GLfloat'
D:\BaiDoXe_DHMT\OpenGL\main.cpp(1133,80): warning C4305: 'argument': truncation from 'double' to 'const GLfloat'
D:\BaiDoXe_DHMT\OpenGL\main.cpp(1137,41): warning C4305: 'argument': truncation from 'double' to 'const GLfloat'
D:\BaiDoXe_DHMT\OpenGL\main.cpp(1137,79): warning C4305: 'argument': truncation from 'double' to 'const GLfloat'
D:\BaiDoXe_DHMT\OpenGL\main.cpp(1146,42): warning C4305: 'argument': truncation from 'double' to 'const GLfloat'
D:\BaiDoXe_DHMT\OpenGL\main.cpp(1146,63): warning C4305: 'argument': truncation from 'double' to 'const GLfloat'
D:\BaiDoXe_DHMT\OpenGL\main.cpp(1150,38): warning C4305: 'argument': truncation from 'double' to 'const GLfloat'
D:\BaiDoXe_DHMT\OpenGL\main.cpp(1150,59): warning C4305: 'argument': truncation from 'double' to 'const GLfloat'
D:\BaiDoXe_DHMT\OpenGL\main.cpp(1154,41): warning C4305: 'argument': truncation from 'double' to 'const GLfloat'
D:\BaiDoXe_DHMT\OpenGL\main.cpp(1154,62): warning C4305: 'argument': truncation from 'double' to 'const GLfloat'
D:\BaiDoXe_DHMT\OpenGL\main.cpp(1158,41): warning C4305: 'argument': truncation from 'double' to 'const GLfloat'
D:\BaiDoXe_DHMT\OpenGL\main.cpp(1158,62): warning C4305: 'argument': truncation from 'double' to 'const GLfloat'
D:\BaiDoXe_DHMT\OpenGL\main.cpp(1162,39): warning C4305: 'argument': truncation from 'double' to 'const GLfloat'
D:\BaiDoXe_DHMT\OpenGL\main.cpp(1162,58): warning C4305: 'argument': truncation from 'double' to 'const GLfloat'
D:\BaiDoXe_DHMT\OpenGL\main.cpp(1173,54): warning C4305: 'argument': truncation from 'double' to 'const GLfloat'
D:\BaiDoXe_DHMT\OpenGL\main.cpp(1173,40): warning C4244: 'argument': conversion from 'double' to 'const GLfloat', possible loss of data
D:\BaiDoXe_DHMT\OpenGL\main.cpp(1173,78): warning C4305: 'argument': truncation from 'double' to 'const GLfloat'
D:\BaiDoXe_DHMT\OpenGL\main.cpp(1178,40): warning C4305: 'argument': truncation from 'double' to 'const GLfloat'
D:\BaiDoXe_DHMT\OpenGL\main.cpp(1178,78): warning C4305: 'argument': truncation from 'double' to 'const GLfloat'
D:\BaiDoXe_DHMT\OpenGL\main.cpp(1182,65): warning C4244: 'argument': conversion from 'float' to 'int', possible loss of data
D:\BaiDoXe_DHMT\OpenGL\main.cpp(1182,50): warning C4244: 'argument': conversion from 'float' to 'int', possible loss of data
D:\BaiDoXe_DHMT\OpenGL\main.cpp(1182,35): warning C4244: 'argument': conversion from 'float' to 'int', possible loss of data
D:\BaiDoXe_DHMT\OpenGL\main.cpp(1183,77): warning C4244: 'argument': conversion from 'float' to 'int', possible loss of data
D:\BaiDoXe_DHMT\OpenGL\main.cpp(1183,57): warning C4244: 'argument': conversion from 'float' to 'int', possible loss of data
D:\BaiDoXe_DHMT\OpenGL\main.cpp(1183,37): warning C4244: 'argument': conversion from 'float' to 'int', possible loss of data
D:\BaiDoXe_DHMT\OpenGL\main.cpp(1184,78): warning C4244: 'argument': conversion from 'float' to 'int', possible loss of data
D:\BaiDoXe_DHMT\OpenGL\main.cpp(1184,58): warning C4244: 'argument': conversion from 'float' to 'int', possible loss of data
D:\BaiDoXe_DHMT\OpenGL\main.cpp(1184,38): warning C4244: 'argument': conversion from 'float' to 'int', possible loss of data
D:\BaiDoXe_DHMT\OpenGL\main.cpp(1187,73): warning C4305: 'argument': truncation from 'double' to 'const GLfloat'
D:\BaiDoXe_DHMT\OpenGL\main.cpp(1190,74): warning C4305: 'argument': truncation from 'double' to 'const GLfloat'
D:\BaiDoXe_DHMT\OpenGL\main.cpp(1198,38): warning C4305: 'argument': truncation from 'double' to 'const GLfloat'
D:\BaiDoXe_DHMT\OpenGL\main.cpp(1198,61): warning C4305: 'argument': truncation from 'double' to 'const GLfloat'
D:\BaiDoXe_DHMT\OpenGL\main.cpp(1200,40): warning C4305: 'argument': truncation from 'double' to 'const GLfloat'
D:\BaiDoXe_DHMT\OpenGL\main.cpp(1200,63): warning C4305: 'argument': truncation from 'double' to 'const GLfloat'
D:\BaiDoXe_DHMT\OpenGL\main.cpp(1213,56): warning C4305: 'argument': truncation from 'double' to 'const GLfloat'
D:\BaiDoXe_DHMT\OpenGL\main.cpp(1217,56): warning C4305: 'argument': truncation from 'double' to 'const GLfloat'
D:\BaiDoXe_DHMT\OpenGL\main.cpp(1229,38): warning C4305: 'argument': truncation from 'double' to 'const GLfloat'
D:\BaiDoXe_DHMT\OpenGL\main.cpp(1229,60): warning C4305: 'argument': truncation from 'double' to 'const GLfloat'
D:\BaiDoXe_DHMT\OpenGL\main.cpp(1238,40): warning C4305: 'argument': truncation from 'double' to 'const GLfloat'
D:\BaiDoXe_DHMT\OpenGL\main.cpp(1238,63): warning C4305: 'argument': truncation from 'double' to 'const GLfloat'
D:\BaiDoXe_DHMT\OpenGL\main.cpp(1250,38): warning C4305: 'argument': truncation from 'double' to 'const GLfloat'
D:\BaiDoXe_DHMT\OpenGL\main.cpp(1250,60): warning C4305: 'argument': truncation from 'double' to 'const GLfloat'
D:\BaiDoXe_DHMT\OpenGL\main.cpp(1259,39): warning C4305: 'argument': truncation from 'double' to 'const GLfloat'
D:\BaiDoXe_DHMT\OpenGL\main.cpp(1259,62): warning C4305: 'argument': truncation from 'double' to 'const GLfloat'
D:\BaiDoXe_DHMT\OpenGL\main.cpp(1271,38): warning C4305: 'argument': truncation from 'double' to 'const GLfloat'
D:\BaiDoXe_DHMT\OpenGL\main.cpp(1271,61): warning C4305: 'argument': truncation from 'double' to 'const GLfloat'
D:\BaiDoXe_DHMT\OpenGL\main.cpp(1275,39): warning C4305: 'argument': truncation from 'double' to 'const GLfloat'
D:\BaiDoXe_DHMT\OpenGL\main.cpp(1275,60): warning C4305: 'argument': truncation from 'double' to 'const GLfloat'
D:\BaiDoXe_DHMT\OpenGL\main.cpp(1279,40): warning C4305: 'argument': truncation from 'double' to 'const GLfloat'
D:\BaiDoXe_DHMT\OpenGL\main.cpp(1279,61): warning C4305: 'argument': truncation from 'double' to 'const GLfloat'
D:\BaiDoXe_DHMT\OpenGL\main.cpp(1283,56): warning C4305: 'argument': truncation from 'double' to 'const GLfloat'
D:\BaiDoXe_DHMT\OpenGL\main.cpp(1286,40): warning C4305: 'argument': truncation from 'double' to 'const GLfloat'
D:\BaiDoXe_DHMT\OpenGL\main.cpp(1286,63): warning C4305: 'argument': truncation from 'double' to 'const GLfloat'
D:\BaiDoXe_DHMT\OpenGL\main.cpp(1289,35): warning C4305: 'argument': truncation from 'double' to 'const GLfloat'
D:\BaiDoXe_DHMT\OpenGL\main.cpp(1289,56): warning C4305: 'argument': truncation from 'double' to 'const GLfloat'
D:\BaiDoXe_DHMT\OpenGL\main.cpp(1292,41): warning C4305: 'argument': truncation from 'double' to 'const GLfloat'
D:\BaiDoXe_DHMT\OpenGL\main.cpp(1292,64): warning C4305: 'argument': truncation from 'double' to 'const GLfloat'
D:\BaiDoXe_DHMT\OpenGL\main.cpp(1295,36): warning C4305: 'argument': truncation from 'double' to 'const GLfloat'
D:\BaiDoXe_DHMT\OpenGL\main.cpp(1295,57): warning C4305: 'argument': truncation from 'double' to 'const GLfloat'
D:\BaiDoXe_DHMT\OpenGL\main.cpp(1300,47): warning C4305: 'argument': truncation from 'double' to 'const GLfloat'
D:\BaiDoXe_DHMT\OpenGL\main.cpp(1300,68): warning C4305: 'argument': truncation from 'double' to 'const GLfloat'
D:\BaiDoXe_DHMT\OpenGL\main.cpp(1306,48): warning C4305: 'argument': truncation from 'double' to 'const GLfloat'
D:\BaiDoXe_DHMT\OpenGL\main.cpp(1306,69): warning C4305: 'argument': truncation from 'double' to 'const GLfloat'
D:\BaiDoXe_DHMT\OpenGL\main.cpp(1324,36): warning C4305: 'argument': truncation from 'double' to 'const GLfloat'
D:\BaiDoXe_DHMT\OpenGL\main.cpp(1324,59): warning C4305: 'argument': truncation from 'double' to 'const GLfloat'
D:\BaiDoXe_DHMT\OpenGL\main.cpp(1332,37): warning C4305: 'argument': truncation from 'double' to 'const GLfloat'
D:\BaiDoXe_DHMT\OpenGL\main.cpp(1332,77): warning C4305: 'argument': truncation from 'double' to 'const GLfloat'
D:\BaiDoXe_DHMT\OpenGL\main.cpp(1337,47): warning C4244: 'argument': conversion from 'double' to 'const GLfloat', possible loss of data
D:\BaiDoXe_DHMT\OpenGL\main.cpp(1337,55): warning C4305: 'argument': truncation from 'double' to 'const GLfloat'
D:\BaiDoXe_DHMT\OpenGL\main.cpp(1337,78): warning C4305: 'argument': truncation from 'double' to 'const GLfloat'
D:\BaiDoXe_DHMT\OpenGL\main.cpp(1350,56): warning C4305: 'argument': truncation from 'double' to 'const GLfloat'
D:\BaiDoXe_DHMT\OpenGL\main.cpp(1361,64): warning C4305: 'argument': truncation from 'double' to 'const GLfloat'
D:\BaiDoXe_DHMT\OpenGL\main.cpp(1367,61): warning C4305: 'argument': truncation from 'double' to 'const GLfloat'
D:\BaiDoXe_DHMT\OpenGL\main.cpp(1369,60): warning C4305: 'argument': truncation from 'double' to 'const GLfloat'
D:\BaiDoXe_DHMT\OpenGL\main.cpp(1371,60): warning C4305: 'argument': truncation from 'double' to 'const GLfloat'
D:\BaiDoXe_DHMT\OpenGL\main.cpp(1373,59): warning C4305: 'argument': truncation from 'double' to 'const GLfloat'
D:\BaiDoXe_DHMT\OpenGL\main.cpp(1375,56): warning C4305: 'argument': truncation from 'double' to 'const GLfloat'
D:\BaiDoXe_DHMT\OpenGL\main.cpp(1375,87): warning C4244: 'argument': conversion from 'double' to 'const GLfloat', possible loss of data
D:\BaiDoXe_DHMT\OpenGL\main.cpp(1377,57): warning C4305: 'argument': truncation from 'double' to 'const GLfloat'
D:\BaiDoXe_DHMT\OpenGL\main.cpp(1390,64): warning C4305: 'argument': truncation from 'double' to 'const GLfloat'
D:\BaiDoXe_DHMT\OpenGL\main.cpp(1396,61): warning C4305: 'argument': truncation from 'double' to 'const GLfloat'
D:\BaiDoXe_DHMT\OpenGL\main.cpp(1398,60): warning C4305: 'argument': truncation from 'double' to 'const GLfloat'
D:\BaiDoXe_DHMT\OpenGL\main.cpp(1400,60): warning C4305: 'argument': truncation from 'double' to 'const GLfloat'
D:\BaiDoXe_DHMT\OpenGL\main.cpp(1402,59): warning C4305: 'argument': truncation from 'double' to 'const GLfloat'
D:\BaiDoXe_DHMT\OpenGL\main.cpp(1404,56): warning C4305: 'argument': truncation from 'double' to 'const GLfloat'
D:\BaiDoXe_DHMT\OpenGL\main.cpp(1404,87): warning C4244: 'argument': conversion from 'double' to 'const GLfloat', possible loss of data
D:\BaiDoXe_DHMT\OpenGL\main.cpp(1406,57): warning C4305: 'argument': truncation from 'double' to 'const GLfloat'
D:\BaiDoXe_DHMT\OpenGL\main.cpp(1431,68): warning C4305: 'argument': truncation from 'double' to 'const GLfloat'
D:\BaiDoXe_DHMT\OpenGL\main.cpp(1434,79): warning C4305: 'argument': truncation from 'double' to 'const GLfloat'
D:\BaiDoXe_DHMT\OpenGL\main.cpp(1434,103): warning C4305: 'argument': truncation from 'double' to 'const GLfloat'
D:\BaiDoXe_DHMT\OpenGL\main.cpp(1445,68): warning C4305: 'argument': truncation from 'double' to 'const GLfloat'
D:\BaiDoXe_DHMT\OpenGL\main.cpp(1448,80): warning C4305: 'argument': truncation from 'double' to 'const GLfloat'
D:\BaiDoXe_DHMT\OpenGL\main.cpp(1448,104): warning C4305: 'argument': truncation from 'double' to 'const GLfloat'
D:\BaiDoXe_DHMT\OpenGL\main.cpp(1460,32): warning C4305: 'argument': truncation from 'double' to 'const GLfloat'
D:\BaiDoXe_DHMT\OpenGL\main.cpp(1464,53): warning C4305: 'argument': truncation from 'double' to 'const GLfloat'
D:\BaiDoXe_DHMT\OpenGL\main.cpp(1470,34): warning C4305: 'argument': truncation from 'double' to 'const GLfloat'
D:\BaiDoXe_DHMT\OpenGL\main.cpp(1480,34): warning C4305: 'argument': truncation from 'double' to 'const GLfloat'
D:\BaiDoXe_DHMT\OpenGL\main.cpp(1480,53): warning C4305: 'argument': truncation from 'double' to 'const GLfloat'
D:\BaiDoXe_DHMT\OpenGL\main.cpp(1484,37): warning C4305: 'argument': truncation from 'double' to 'const GLfloat'
D:\BaiDoXe_DHMT\OpenGL\main.cpp(1484,56): warning C4305: 'argument': truncation from 'double' to 'const GLfloat'
D:\BaiDoXe_DHMT\OpenGL\main.cpp(1486,38): warning C4305: 'argument': truncation from 'double' to 'const GLfloat'
D:\BaiDoXe_DHMT\OpenGL\main.cpp(1486,57): warning C4305: 'argument': truncation from 'double' to 'const GLfloat'
D:\BaiDoXe_DHMT\OpenGL\main.cpp(1489,38): warning C4305: 'argument': truncation from 'double' to 'const GLfloat'
D:\BaiDoXe_DHMT\OpenGL\main.cpp(1489,57): warning C4305: 'argument': truncation from 'double' to 'const GLfloat'
D:\BaiDoXe_DHMT\OpenGL\main.cpp(1497,55): warning C4305: 'argument': truncation from 'double' to 'const GLfloat'
D:\BaiDoXe_DHMT\OpenGL\main.cpp(1500,56): warning C4305: 'argument': truncation from 'double' to 'const GLfloat'
D:\BaiDoXe_DHMT\OpenGL\main.cpp(1504,57): warning C4305: 'argument': truncation from 'double' to 'const GLfloat'
D:\BaiDoXe_DHMT\OpenGL\main.cpp(1506,56): warning C4305: 'argument': truncation from 'double' to 'const GLfloat'
D:\BaiDoXe_DHMT\OpenGL\main.cpp(1510,54): warning C4305: 'argument': truncation from 'double' to 'const GLfloat'
D:\BaiDoXe_DHMT\OpenGL\main.cpp(1513,55): warning C4305: 'argument': truncation from 'double' to 'const GLfloat'
D:\BaiDoXe_DHMT\OpenGL\main.cpp(1517,56): warning C4305: 'argument': truncation from 'double' to 'const GLfloat'
D:\BaiDoXe_DHMT\OpenGL\main.cpp(1519,55): warning C4305: 'argument': truncation from 'double' to 'const GLfloat'
D:\BaiDoXe_DHMT\OpenGL\main.cpp(1525,35): warning C4305: 'argument': truncation from 'double' to 'const GLfloat'
D:\BaiDoXe_DHMT\OpenGL\main.cpp(1525,54): warning C4305: 'argument': truncation from 'double' to 'const GLfloat'
D:\BaiDoXe_DHMT\OpenGL\main.cpp(1531,37): warning C4305: 'argument': truncation from 'double' to 'const GLfloat'
D:\BaiDoXe_DHMT\OpenGL\main.cpp(1531,56): warning C4305: 'argument': truncation from 'double' to 'const GLfloat'
D:\BaiDoXe_DHMT\OpenGL\main.cpp(1545,33): warning C4305: 'argument': truncation from 'double' to 'const GLfloat'
D:\BaiDoXe_DHMT\OpenGL\main.cpp(1547,56): warning C4305: 'argument': truncation from 'double' to 'const GLfloat'
D:\BaiDoXe_DHMT\OpenGL\main.cpp(1553,34): warning C4244: 'argument': conversion from 'int' to 'const GLfloat', possible loss of data
D:\BaiDoXe_DHMT\OpenGL\main.cpp(1553,56): warning C4305: 'argument': truncation from 'double' to 'const GLfloat'
D:\BaiDoXe_DHMT\OpenGL\main.cpp(1566,30): warning C4305: 'argument': truncation from 'double' to 'const GLfloat'
D:\BaiDoXe_DHMT\OpenGL\main.cpp(1574,35): warning C4305: 'argument': truncation from 'double' to 'const GLfloat'
D:\BaiDoXe_DHMT\OpenGL\main.cpp(1574,58): warning C4305: 'argument': truncation from 'double' to 'const GLfloat'
D:\BaiDoXe_DHMT\OpenGL\main.cpp(1585,67): warning C4305: 'argument': truncation from 'double' to 'const GLfloat'
D:\BaiDoXe_DHMT\OpenGL\main.cpp(1587,54): warning C4305: 'argument': truncation from 'double' to 'const GLfloat'
D:\BaiDoXe_DHMT\OpenGL\main.cpp(1589,56): warning C4305: 'argument': truncation from 'double' to 'const GLfloat'
D:\BaiDoXe_DHMT\OpenGL\main.cpp(1640,58): warning C4305: 'argument': truncation from 'double' to 'const GLfloat'
D:\BaiDoXe_DHMT\OpenGL\main.cpp(1647,37): warning C4305: 'argument': truncation from 'double' to 'const GLfloat'
D:\BaiDoXe_DHMT\OpenGL\main.cpp(1647,60): warning C4305: 'argument': truncation from 'double' to 'const GLfloat'
D:\BaiDoXe_DHMT\OpenGL\main.cpp(1687,41): warning C4305: 'argument': truncation from 'double' to 'const GLfloat'
D:\BaiDoXe_DHMT\OpenGL\main.cpp(1689,41): warning C4305: 'argument': truncation from 'double' to 'const GLfloat'
D:\BaiDoXe_DHMT\OpenGL\main.cpp(1689,91): warning C4305: 'argument': truncation from 'double' to 'const GLfloat'
D:\BaiDoXe_DHMT\OpenGL\main.cpp(1691,41): warning C4305: 'argument': truncation from 'double' to 'const GLfloat'
D:\BaiDoXe_DHMT\OpenGL\main.cpp(1691,92): warning C4305: 'argument': truncation from 'double' to 'const GLfloat'
D:\BaiDoXe_DHMT\OpenGL\main.cpp(1714,45): warning C4244: 'argument': conversion from 'int' to 'const GLfloat', possible loss of data
D:\BaiDoXe_DHMT\OpenGL\main.cpp(1714,68): warning C4244: 'argument': conversion from 'int' to 'float', possible loss of data
D:\BaiDoXe_DHMT\OpenGL\main.cpp(1718,38): warning C4244: 'argument': conversion from 'int' to 'const GLfloat', possible loss of data
D:\BaiDoXe_DHMT\OpenGL\main.cpp(1718,70): warning C4244: 'argument': conversion from 'int' to 'float', possible loss of data
D:\BaiDoXe_DHMT\OpenGL\main.cpp(1722,38): warning C4244: 'argument': conversion from 'int' to 'const GLfloat', possible loss of data
D:\BaiDoXe_DHMT\OpenGL\main.cpp(1722,69): warning C4244: 'argument': conversion from 'int' to 'float', possible loss of data
D:\BaiDoXe_DHMT\OpenGL\main.cpp(1726,34): warning C4305: 'argument': truncation from 'double' to 'const GLfloat'
D:\BaiDoXe_DHMT\OpenGL\main.cpp(1727,33): warning C4305: 'argument': truncation from 'double' to 'const GLfloat'
D:\BaiDoXe_DHMT\OpenGL\main.cpp(1727,70): warning C4305: 'argument': truncation from 'double' to 'const GLfloat'
D:\BaiDoXe_DHMT\OpenGL\main.cpp(1736,55): warning C4305: 'argument': truncation from 'double' to 'const GLfloat'
D:\BaiDoXe_DHMT\OpenGL\main.cpp(1769,57): warning C4305: 'argument': truncation from 'double' to 'const GLfloat'
D:\BaiDoXe_DHMT\OpenGL\main.cpp(1793,54): warning C4244: '+=': conversion from 'double' to 'float', possible loss of data
D:\BaiDoXe_DHMT\OpenGL\main.cpp(1794,54): warning C4244: '+=': conversion from 'double' to 'float', possible loss of data
D:\BaiDoXe_DHMT\OpenGL\main.cpp(1797,54): warning C4244: '-=': conversion from 'double' to 'float', possible loss of data
D:\BaiDoXe_DHMT\OpenGL\main.cpp(1798,54): warning C4244: '-=': conversion from 'double' to 'float', possible loss of data
D:\BaiDoXe_DHMT\OpenGL\main.cpp(1801,54): warning C4244: '-=': conversion from 'double' to 'float', possible loss of data
D:\BaiDoXe_DHMT\OpenGL\main.cpp(1805,54): warning C4244: '+=': conversion from 'double' to 'float', possible loss of data
D:\BaiDoXe_DHMT\OpenGL\main.cpp(1809,30): warning C4244: 'argument': conversion from 'double' to 'const GLfloat', possible loss of data
D:\BaiDoXe_DHMT\OpenGL\main.cpp(1812,30): warning C4244: 'argument': conversion from 'double' to 'const GLfloat', possible loss of data
D:\BaiDoXe_DHMT\OpenGL\main.cpp(1815,28): warning C4244: 'argument': conversion from 'double' to 'const GLfloat', possible loss of data
D:\BaiDoXe_DHMT\OpenGL\main.cpp(1818,28): warning C4244: 'argument': conversion from 'double' to 'const GLfloat', possible loss of data
D:\BaiDoXe_DHMT\OpenGL\main.cpp(1821,25): warning C4244: 'argument': conversion from 'double' to 'const GLfloat', possible loss of data
D:\BaiDoXe_DHMT\OpenGL\main.cpp(1824,25): warning C4244: 'argument': conversion from 'double' to 'const GLfloat', possible loss of data
D:\BaiDoXe_DHMT\OpenGL\main.cpp(1850,49): warning C4244: '+=': conversion from 'double' to 'float', possible loss of data
D:\BaiDoXe_DHMT\OpenGL\main.cpp(1851,53): warning C4305: '+=': truncation from 'double' to 'float'
D:\BaiDoXe_DHMT\OpenGL\main.cpp(1852,55): warning C4244: '+=': conversion from 'double' to 'float', possible loss of data
D:\BaiDoXe_DHMT\OpenGL\main.cpp(1853,56): warning C4244: '+=': conversion from 'double' to 'float', possible loss of data
D:\BaiDoXe_DHMT\OpenGL\main.cpp(1856,49): warning C4244: '-=': conversion from 'double' to 'float', possible loss of data
D:\BaiDoXe_DHMT\OpenGL\main.cpp(1857,53): warning C4305: '-=': truncation from 'double' to 'float'
D:\BaiDoXe_DHMT\OpenGL\main.cpp(1858,55): warning C4244: '-=': conversion from 'double' to 'float', possible loss of data
D:\BaiDoXe_DHMT\OpenGL\main.cpp(1859,56): warning C4244: '-=': conversion from 'double' to 'float', possible loss of data
D:\BaiDoXe_DHMT\OpenGL\main.cpp(1935,49): warning C4244: '+=': conversion from 'double' to 'float', possible loss of data
D:\BaiDoXe_DHMT\OpenGL\main.cpp(1936,53): warning C4305: '+=': truncation from 'double' to 'float'
D:\BaiDoXe_DHMT\OpenGL\main.cpp(1937,55): warning C4244: '+=': conversion from 'double' to 'float', possible loss of data
D:\BaiDoXe_DHMT\OpenGL\main.cpp(1938,56): warning C4244: '+=': conversion from 'double' to 'float', possible loss of data
D:\BaiDoXe_DHMT\OpenGL\main.cpp(1941,49): warning C4244: '-=': conversion from 'double' to 'float', possible loss of data
D:\BaiDoXe_DHMT\OpenGL\main.cpp(1942,53): warning C4305: '-=': truncation from 'double' to 'float'
D:\BaiDoXe_DHMT\OpenGL\main.cpp(1943,55): warning C4244: '-=': conversion from 'double' to 'float', possible loss of data
D:\BaiDoXe_DHMT\OpenGL\main.cpp(1944,56): warning C4244: '-=': conversion from 'double' to 'float', possible loss of data
D:\BaiDoXe_DHMT\OpenGL\main.cpp(1996,21): warning C4305: '+=': truncation from 'double' to 'float'
D:\BaiDoXe_DHMT\OpenGL\main.cpp(2003,21): warning C4305: '-=': truncation from 'double' to 'float'
D:\BaiDoXe_DHMT\OpenGL\main.cpp(2047,20): warning C4305: '+=': truncation from 'double' to 'float'
D:\BaiDoXe_DHMT\OpenGL\main.cpp(2052,20): warning C4305: '-=': truncation from 'double' to 'float'
D:\BaiDoXe_DHMT\OpenGL\main.cpp(2059,17): warning C4305: '+=': truncation from 'double' to 'float'
D:\BaiDoXe_DHMT\OpenGL\main.cpp(2061,18): warning C4305: '-=': truncation from 'double' to 'float'
D:\BaiDoXe_DHMT\OpenGL\main.cpp(2071,16): warning C4244: '=': conversion from 'int' to 'float', possible loss of data
D:\BaiDoXe_DHMT\OpenGL\main.cpp(2072,16): warning C4244: '=': conversion from 'int' to 'float', possible loss of data
  OpenGL.vcxproj -> D:\BaiDoXe_DHMT\Debug\OpenGL.exe
